#
# A fatal error has been detected by the Java Runtime Environment:
#
#  SIGSEGV (0xb) at pc=0x000000010c0232b0, pid=13377, tid=16899
#
# JRE version: Java(TM) SE Runtime Environment (8.0_25-b17) (build 1.8.0_25-b17)
# Java VM: Java HotSpot(TM) 64-Bit Server VM (25.25-b02 mixed mode bsd-amd64 compressed oops)
# Problematic frame:
# V  [libjvm.dylib+0x4232b0]  Method::checked_resolve_jmethod_id(_jmethodID*)+0xe
#
# Failed to write core dump. Core dumps have been disabled. To enable core dumping, try "ulimit -c unlimited" before starting Java again
#
# If you would like to submit a bug report, please visit:
#   http://bugreport.sun.com/bugreport/crash.jsp
#

---------------  T H R E A D  ---------------

Current thread (0x00007ffdea017800):  JavaThread "JDWP Transport Listener: dt_socket" daemon [_thread_in_vm, id=16899, stack(0x0000700000ab8000,0x0000700000bb8000)]

siginfo: si_signo: 11 (SIGSEGV), si_code: 0 (unknown), si_addr: 0x0000000000000000

Registers:
RAX=0x0000000000000001, RBX=0x0000700000bb7a8b, RCX=0x000000010c3d6c80, RDX=0x0000700000bb7a8b
RSP=0x0000700000bb79d0, RBP=0x0000700000bb79e0, RSI=0x00007ffdea017800, RDI=0x532e6d656c626f72
R8 =0x0000000000000003, R9 =0x0000000000000000, R10=0x0000000000000004, R11=0x00007ffde8e00000
R12=0x00007ffdea017800, R13=0x532e6d656c626f72, R14=0x532e6d656c626f72, R15=0x00007ffde8c13210
RIP=0x000000010c0232b0, EFLAGS=0x0000000000010206, ERR=0x0000000000000000
  TRAPNO=0x000000000000000d

Top of Stack: (sp=0x0000700000bb79d0)
0x0000700000bb79d0:   0000700000bb7a8b 0000700000bb7a8b
0x0000700000bb79e0:   0000700000bb7a40 000000010bf3526e
0x0000700000bb79f0:   00007ffdea017800 0000000000000000
0x0000700000bb7a00:   0000000000000000 0000000000000000
0x0000700000bb7a10:   00007ffdea017800 00007ffdea017800
0x0000700000bb7a20:   0000700000bb7a8b 0000700000bb7a90
0x0000700000bb7a30:   532e6d656c626f72 0000000000000004
0x0000700000bb7a40:   0000700000bb7a60 000000010b38b7dc
0x0000700000bb7a50:   0000000000000001 0000700000bb7b08
0x0000700000bb7a60:   0000700000bb7ad0 000000010b370263
0x0000700000bb7a70:   0000700000bb7aa0 00007ffde8e16300
0x0000700000bb7a80:   0000000600000032 0000000a00bb7b08
0x0000700000bb7a90:   0000000000000000 0000000000000000
0x0000700000bb7aa0:   0000000000000000 0000700000bb7c90
0x0000700000bb7ab0:   000000010b392eca 00007ffde8c3db00
0x0000700000bb7ac0:   0000700000bb7b08 000000010b39e588
0x0000700000bb7ad0:   0000700000bb7ae0 000000010b37035c
0x0000700000bb7ae0:   0000700000bb7d00 000000010b3798f6
0x0000700000bb7af0:   0000a19e00000013 00000000000f0200
0x0000700000bb7b00:   00007ffde8c48370 0000700000bb7c57
0x0000700000bb7b10:   00007ffd0000002d 0000700000bb7b20
0x0000700000bb7b20:   00000000000000ff 0000700000bb7b58
0x0000700000bb7b30:   0000000000000000 0000000000000000
0x0000700000bb7b40:   0000a19e0000001c 00007fff00002c80
0x0000700000bb7b50:   0000700000bb7b58 fd7f000006000000
0x0000700000bb7b60:   0b000000a0e9d1e8 72476d6f646e6152
0x0000700000bb7b70:   2803000000687061 0000000000005629
0x0000700000bb7b80:   d1e8fd7f00000a00 616d0400000080e9
0x0000700000bb7b90:   5b28160000006e69 616c2f6176616a4c
0x0000700000bb7ba0:   6e697274532f676e 0000000056293b67
0x0000700000bb7bb0:   fd7f000009000000 1100000090e9d1e8
0x0000700000bb7bc0:   74614d746e697270 6e694c6e49786972 

Instructions: (pc=0x000000010c0232b0)
0x000000010c023290:   40 48 48 85 c0 75 e0 30 c0 0f b6 c0 5d c3 31 c0
0x000000010c0232a0:   5d c3 55 48 89 e5 53 48 83 ec 08 48 85 ff 74 24
0x000000010c0232b0:   48 8b 1f 48 85 db 74 1c 48 83 fb 37 74 16 48 8b
0x000000010c0232c0:   03 48 89 df ff 50 10 84 c0 b8 00 00 00 00 48 0f 

Register to memory mapping:

RAX=0x0000000000000001 is an unknown value
RBX=0x0000700000bb7a8b is pointing into the stack for thread: 0x00007ffdea017800
RCX=0x000000010c3d6c80: UseMembar+0 in /Library/Java/JavaVirtualMachines/jdk1.8.0_25.jdk/Contents/Home/jre/lib/server/libjvm.dylib at 0x000000010bc00000
RDX=0x0000700000bb7a8b is pointing into the stack for thread: 0x00007ffdea017800
RSP=0x0000700000bb79d0 is pointing into the stack for thread: 0x00007ffdea017800
RBP=0x0000700000bb79e0 is pointing into the stack for thread: 0x00007ffdea017800
RSI=0x00007ffdea017800 is a thread
RDI=0x532e6d656c626f72 is an unknown value
R8 =0x0000000000000003 is an unknown value
R9 =0x0000000000000000 is an unknown value
R10=0x0000000000000004 is an unknown value
R11=0x00007ffde8e00000 is an unknown value
R12=0x00007ffdea017800 is a thread
R13=0x532e6d656c626f72 is an unknown value
R14=0x532e6d656c626f72 is an unknown value
R15=0x00007ffde8c13210 is an unknown value


Stack: [0x0000700000ab8000,0x0000700000bb8000],  sp=0x0000700000bb79d0,  free space=1022k
Native frames: (J=compiled Java code, j=interpreted, Vv=VM code, C=native code)
V  [libjvm.dylib+0x4232b0]  Method::checked_resolve_jmethod_id(_jmethodID*)+0xe
V  [libjvm.dylib+0x33526e]  jvmti_IsMethodSynthetic+0xb2
C  [libjdwp.dylib+0x207dc]  isMethodSynthetic+0x63
C  [libjdwp.dylib+0x5263]  methods1+0x10b
C  [libjdwp.dylib+0x535c]  methodsWithGeneric+0xe
C  [libjdwp.dylib+0xe8f6]  debugLoop_run+0x1ce
C  [libjdwp.dylib+0x1f716]  attachThread+0x4d
V  [libjvm.dylib+0x3762ce]  JvmtiAgentThread::call_start_function()+0x38
V  [libjvm.dylib+0x535ed9]  JavaThread::thread_main_inner()+0x9b
V  [libjvm.dylib+0x53761c]  JavaThread::run()+0x1c2
V  [libjvm.dylib+0x45d87e]  java_start(Thread*)+0xf6
C  [libsystem_pthread.dylib+0x39b1]  _pthread_body+0x83
C  [libsystem_pthread.dylib+0x392e]  _pthread_body+0x0
C  [libsystem_pthread.dylib+0x1385]  thread_start+0xd
C  0x0000000000000000


---------------  P R O C E S S  ---------------

Java Threads: ( => current thread )
  0x00007ffde900d000 JavaThread "Service Thread" daemon [_thread_blocked, id=19971, stack(0x00007000010ca000,0x00007000011ca000)]
  0x00007ffdea023800 JavaThread "C1 CompilerThread2" daemon [_thread_blocked, id=19459, stack(0x0000700000fc7000,0x00007000010c7000)]
  0x00007ffdea037000 JavaThread "C2 CompilerThread1" daemon [_thread_blocked, id=18947, stack(0x0000700000ec4000,0x0000700000fc4000)]
  0x00007ffde985f000 JavaThread "C2 CompilerThread0" daemon [_thread_blocked, id=18435, stack(0x0000700000dc1000,0x0000700000ec1000)]
  0x00007ffde9868000 JavaThread "JDWP Command Reader" daemon [_thread_in_native, id=17923, stack(0x0000700000cbe000,0x0000700000dbe000)]
  0x00007ffdea814000 JavaThread "JDWP Event Helper Thread" daemon [_thread_blocked, id=17411, stack(0x0000700000bbb000,0x0000700000cbb000)]
=>0x00007ffdea017800 JavaThread "JDWP Transport Listener: dt_socket" daemon [_thread_in_vm, id=16899, stack(0x0000700000ab8000,0x0000700000bb8000)]
  0x00007ffde9010800 JavaThread "Signal Dispatcher" daemon [_thread_blocked, id=12815, stack(0x00007000009b5000,0x0000700000ab5000)]
  0x00007ffdea011000 JavaThread "Finalizer" daemon [_thread_blocked, id=12291, stack(0x000070000082f000,0x000070000092f000)]
  0x00007ffdea010800 JavaThread "Reference Handler" daemon [_thread_blocked, id=11779, stack(0x000070000072c000,0x000070000082c000)]
  0x00007ffdea801000 JavaThread "main" [_thread_in_native, id=5891, stack(0x000070000011a000,0x000070000021a000)]

Other Threads:
  0x00007ffde900c800 VMThread [stack: 0x0000700000629000,0x0000700000729000] [id=11267]
  0x00007ffde9011000 WatcherThread [stack: 0x00007000011cd000,0x00007000012cd000] [id=20483]

VM state:not at safepoint (normal execution)

VM Mutex/Monitor currently owned by a thread: None

Heap:
 PSYoungGen      total 38400K, used 3328K [0x0000000795580000, 0x0000000798000000, 0x00000007c0000000)
  eden space 33280K, 10% used [0x0000000795580000,0x00000007958c0158,0x0000000797600000)
  from space 5120K, 0% used [0x0000000797b00000,0x0000000797b00000,0x0000000798000000)
  to   space 5120K, 0% used [0x0000000797600000,0x0000000797600000,0x0000000797b00000)
 ParOldGen       total 87552K, used 0K [0x0000000740000000, 0x0000000745580000, 0x0000000795580000)
  object space 87552K, 0% used [0x0000000740000000,0x0000000740000000,0x0000000745580000)
 Metaspace       used 3551K, capacity 4632K, committed 4864K, reserved 1056768K
  class space    used 390K, capacity 392K, committed 512K, reserved 1048576K

Card table byte_map: [0x000000011bedc000,0x000000011c2dd000] byte_map_base: 0x00000001184dc000

Marking Bits: (ParMarkBitMap*) 0x000000010c49d390
 Begin Bits: [0x000000011c588000, 0x000000011e588000)
 End Bits:   [0x000000011e588000, 0x0000000120588000)

Polling page: 0x000000010b36a000

CodeCache: size=245760Kb used=1206Kb max_used=1206Kb free=244553Kb
 bounds [0x000000010cb1c000, 0x000000010cd8c000, 0x000000011bb1c000]
 total_blobs=306 nmethods=70 adapters=159
 compilation: enabled

Compilation events (10 events):
Event: 0.176 Thread 0x00007ffdea023800   66       3       java.util.regex.Pattern::peek (26 bytes)
Event: 0.176 Thread 0x00007ffdea023800 nmethod 66 0x000000010cc48610 code [0x000000010cc487a0, 0x000000010cc48a68]
Event: 0.176 Thread 0x00007ffdea023800   67       3       java.lang.Character::isBmpCodePoint (13 bytes)
Event: 0.177 Thread 0x00007ffdea023800 nmethod 67 0x000000010cc48b90 code [0x000000010cc48d00, 0x000000010cc48e90]
Event: 0.177 Thread 0x00007ffdea023800   68       3       java.util.regex.Pattern::next (33 bytes)
Event: 0.177 Thread 0x00007ffdea023800 nmethod 68 0x000000010cc48f10 code [0x000000010cc490a0, 0x000000010cc49368]
Event: 0.177 Thread 0x00007ffdea023800   69       1       java.util.regex.Pattern::flags (5 bytes)
Event: 0.177 Thread 0x00007ffdea023800 nmethod 69 0x000000010cc49490 code [0x000000010cc495e0, 0x000000010cc496f0]
Event: 19165.248 Thread 0x00007ffdea023800   70       3       java.util.concurrent.ConcurrentHashMap::spread (10 bytes)
Event: 19165.248 Thread 0x00007ffdea023800 nmethod 70 0x000000010cc49750 code [0x000000010cc498a0, 0x000000010cc499f0]

GC Heap History (0 events):
No events

Deoptimization events (0 events):
No events

Internal exceptions (9 events):
Event: 0.036 Thread 0x00007ffdea801000 Exception <a 'java/lang/NoSuchMethodError': Method sun.misc.Unsafe.defineClass(Ljava/lang/String;[BII)Ljava/lang/Class; name or signature does not match> (0x0000000795591fe0) thrown at [/HUDSON3/workspace/8-2-build-macosx-x86_64/jdk8u25/1514/hotspot/src/s
Event: 0.036 Thread 0x00007ffdea801000 Exception <a 'java/lang/NoSuchMethodError': Method sun.misc.Unsafe.prefetchRead(Ljava/lang/Object;J)V name or signature does not match> (0x0000000795592270) thrown at [/HUDSON3/workspace/8-2-build-macosx-x86_64/jdk8u25/1514/hotspot/src/share/vm/prims/jni.
Event: 0.141 Thread 0x00007ffdea801000 Exception <a 'java/security/PrivilegedActionException'> (0x000000079561bf10) thrown at [/HUDSON3/workspace/8-2-build-macosx-x86_64/jdk8u25/1514/hotspot/src/share/vm/prims/jvm.cpp, line 1312]
Event: 0.157 Thread 0x00007ffdea801000 Exception <a 'java/security/PrivilegedActionException'> (0x000000079583c0b8) thrown at [/HUDSON3/workspace/8-2-build-macosx-x86_64/jdk8u25/1514/hotspot/src/share/vm/prims/jvm.cpp, line 1312]
Event: 0.157 Thread 0x00007ffdea801000 Exception <a 'java/security/PrivilegedActionException'> (0x000000079583c400) thrown at [/HUDSON3/workspace/8-2-build-macosx-x86_64/jdk8u25/1514/hotspot/src/share/vm/prims/jvm.cpp, line 1312]
Event: 0.158 Thread 0x00007ffdea801000 Exception <a 'java/security/PrivilegedActionException'> (0x000000079583f780) thrown at [/HUDSON3/workspace/8-2-build-macosx-x86_64/jdk8u25/1514/hotspot/src/share/vm/prims/jvm.cpp, line 1312]
Event: 0.158 Thread 0x00007ffdea801000 Exception <a 'java/security/PrivilegedActionException'> (0x000000079583fac8) thrown at [/HUDSON3/workspace/8-2-build-macosx-x86_64/jdk8u25/1514/hotspot/src/share/vm/prims/jvm.cpp, line 1312]
Event: 0.172 Thread 0x00007ffdea801000 Exception <a 'java/security/PrivilegedActionException'> (0x0000000795854020) thrown at [/HUDSON3/workspace/8-2-build-macosx-x86_64/jdk8u25/1514/hotspot/src/share/vm/prims/jvm.cpp, line 1312]
Event: 0.172 Thread 0x00007ffdea801000 Exception <a 'java/security/PrivilegedActionException'> (0x0000000795855550) thrown at [/HUDSON3/workspace/8-2-build-macosx-x86_64/jdk8u25/1514/hotspot/src/share/vm/prims/jvm.cpp, line 1312]

Events (10 events):
Event: 39196.504 Executing VM operation: ChangeBreakpoints
Event: 39196.504 Executing VM operation: ChangeBreakpoints done
Event: 39196.504 Executing VM operation: ChangeBreakpoints
Event: 39196.504 Executing VM operation: ChangeBreakpoints done
Event: 39196.508 Executing VM operation: ChangeBreakpoints
Event: 39196.508 Executing VM operation: ChangeBreakpoints done
Event: 39368.597 Executing VM operation: ChangeBreakpoints
Event: 39368.597 Executing VM operation: ChangeBreakpoints done
Event: 39368.602 Executing VM operation: RedefineClasses
Event: 39368.602 Executing VM operation: RedefineClasses done


Dynamic libraries:
0x0000000006cbd000 	/System/Library/Frameworks/Cocoa.framework/Versions/A/Cocoa
0x0000000006cbd000 	/System/Library/Frameworks/Security.framework/Versions/A/Security
0x0000000006cbd000 	/System/Library/Frameworks/ApplicationServices.framework/Versions/A/ApplicationServices
0x0000000006cbd000 	/usr/lib/libz.1.dylib
0x0000000006cbd000 	/usr/lib/libSystem.B.dylib
0x0000000006cbd000 	/usr/lib/libobjc.A.dylib
0x0000000006cbd000 	/System/Library/Frameworks/CoreFoundation.framework/Versions/A/CoreFoundation
0x0000000006cbd000 	/System/Library/Frameworks/Foundation.framework/Versions/C/Foundation
0x0000000006cbd000 	/System/Library/Frameworks/AppKit.framework/Versions/C/AppKit
0x0000000006cbd000 	/System/Library/Frameworks/CoreData.framework/Versions/A/CoreData
0x0000000006cbd000 	/System/Library/PrivateFrameworks/RemoteViewServices.framework/Versions/A/RemoteViewServices
0x0000000006cbd000 	/System/Library/PrivateFrameworks/UIFoundation.framework/Versions/A/UIFoundation
0x0000000006cbd000 	/usr/lib/libScreenReader.dylib
0x0000000006cbd000 	/System/Library/Frameworks/Accelerate.framework/Versions/A/Accelerate
0x0000000006cbd000 	/System/Library/Frameworks/IOSurface.framework/Versions/A/IOSurface
0x0000000006cbd000 	/System/Library/Frameworks/AudioToolbox.framework/Versions/A/AudioToolbox
0x0000000006cbd000 	/System/Library/Frameworks/AudioUnit.framework/Versions/A/AudioUnit
0x0000000006cbd000 	/System/Library/PrivateFrameworks/DataDetectorsCore.framework/Versions/A/DataDetectorsCore
0x0000000006cbd000 	/System/Library/PrivateFrameworks/DesktopServicesPriv.framework/Versions/A/DesktopServicesPriv
0x0000000006cbd000 	/System/Library/Frameworks/Carbon.framework/Versions/A/Frameworks/HIToolbox.framework/Versions/A/HIToolbox
0x0000000006cbd000 	/System/Library/Frameworks/QuartzCore.framework/Versions/A/QuartzCore
0x0000000006cbd000 	/System/Library/Frameworks/Carbon.framework/Versions/A/Frameworks/SpeechRecognition.framework/Versions/A/SpeechRecognition
0x0000000006cbd000 	/usr/lib/libauto.dylib
0x0000000006cbd000 	/usr/lib/libicucore.A.dylib
0x0000000006cbd000 	/usr/lib/libxml2.2.dylib
0x0000000006cbd000 	/System/Library/PrivateFrameworks/CoreUI.framework/Versions/A/CoreUI
0x0000000006cbd000 	/System/Library/Frameworks/CoreAudio.framework/Versions/A/CoreAudio
0x0000000006cbd000 	/System/Library/Frameworks/DiskArbitration.framework/Versions/A/DiskArbitration
0x0000000006cbd000 	/usr/lib/liblangid.dylib
0x0000000006cbd000 	/System/Library/PrivateFrameworks/MultitouchSupport.framework/Versions/A/MultitouchSupport
0x0000000006cbd000 	/System/Library/Frameworks/IOKit.framework/Versions/A/IOKit
0x0000000006cbd000 	/usr/lib/libDiagnosticMessagesClient.dylib
0x0000000006cbd000 	/System/Library/Frameworks/CoreServices.framework/Versions/A/CoreServices
0x0000000006cbd000 	/System/Library/PrivateFrameworks/PerformanceAnalysis.framework/Versions/A/PerformanceAnalysis
0x0000000006cbd000 	/System/Library/PrivateFrameworks/GenerationalStorage.framework/Versions/A/GenerationalStorage
0x0000000006cbd000 	/System/Library/Frameworks/OpenGL.framework/Versions/A/OpenGL
0x0000000006cbd000 	/System/Library/PrivateFrameworks/Sharing.framework/Versions/A/Sharing
0x0000000006cbd000 	/System/Library/Frameworks/CoreGraphics.framework/Versions/A/CoreGraphics
0x0000000006cbd000 	/System/Library/Frameworks/CoreImage.framework/Versions/A/CoreImage
0x0000000006cbd000 	/System/Library/Frameworks/CoreText.framework/Versions/A/CoreText
0x0000000006cbd000 	/System/Library/Frameworks/ImageIO.framework/Versions/A/ImageIO
0x0000000006cbd000 	/System/Library/PrivateFrameworks/Backup.framework/Versions/A/Backup
0x0000000006cbd000 	/usr/lib/libextension.dylib
0x0000000006cbd000 	/usr/lib/libarchive.2.dylib
0x0000000006cbd000 	/System/Library/Frameworks/CFNetwork.framework/Versions/A/CFNetwork
0x0000000006cbd000 	/System/Library/Frameworks/SystemConfiguration.framework/Versions/A/SystemConfiguration
0x0000000006cbd000 	/usr/lib/libCRFSuite.dylib
0x0000000006cbd000 	/usr/lib/libc++.1.dylib
0x0000000006cbd000 	/usr/lib/libc++abi.dylib
0x0000000006cbd000 	/usr/lib/system/libcache.dylib
0x0000000006cbd000 	/usr/lib/system/libcommonCrypto.dylib
0x0000000006cbd000 	/usr/lib/system/libcompiler_rt.dylib
0x0000000006cbd000 	/usr/lib/system/libcopyfile.dylib
0x0000000006cbd000 	/usr/lib/system/libcorecrypto.dylib
0x0000000006cbd000 	/usr/lib/system/libdispatch.dylib
0x0000000006cbd000 	/usr/lib/system/libdyld.dylib
0x0000000006cbd000 	/usr/lib/system/libkeymgr.dylib
0x0000000006cbd000 	/usr/lib/system/liblaunch.dylib
0x0000000006cbd000 	/usr/lib/system/libmacho.dylib
0x0000000006cbd000 	/usr/lib/system/libquarantine.dylib
0x0000000006cbd000 	/usr/lib/system/libremovefile.dylib
0x0000000006cbd000 	/usr/lib/system/libsystem_asl.dylib
0x0000000006cbd000 	/usr/lib/system/libsystem_blocks.dylib
0x0000000006cbd000 	/usr/lib/system/libsystem_c.dylib
0x0000000006cbd000 	/usr/lib/system/libsystem_configuration.dylib
0x0000000006cbd000 	/usr/lib/system/libsystem_coreservices.dylib
0x0000000006cbd000 	/usr/lib/system/libsystem_coretls.dylib
0x0000000006cbd000 	/usr/lib/system/libsystem_dnssd.dylib
0x0000000006cbd000 	/usr/lib/system/libsystem_info.dylib
0x0000000006cbd000 	/usr/lib/system/libsystem_kernel.dylib
0x0000000006cbd000 	/usr/lib/system/libsystem_m.dylib
0x0000000006cbd000 	/usr/lib/system/libsystem_malloc.dylib
0x0000000006cbd000 	/usr/lib/system/libsystem_network.dylib
0x0000000006cbd000 	/usr/lib/system/libsystem_networkextension.dylib
0x0000000006cbd000 	/usr/lib/system/libsystem_notify.dylib
0x0000000006cbd000 	/usr/lib/system/libsystem_platform.dylib
0x0000000006cbd000 	/usr/lib/system/libsystem_pthread.dylib
0x0000000006cbd000 	/usr/lib/system/libsystem_sandbox.dylib
0x0000000006cbd000 	/usr/lib/system/libsystem_secinit.dylib
0x0000000006cbd000 	/usr/lib/system/libsystem_trace.dylib
0x0000000006cbd000 	/usr/lib/system/libunc.dylib
0x0000000006cbd000 	/usr/lib/system/libunwind.dylib
0x0000000006cbd000 	/usr/lib/system/libxpc.dylib
0x0000000006cbd000 	/usr/lib/libenergytrace.dylib
0x0000000006cbd000 	/usr/lib/libbsm.0.dylib
0x0000000006cbd000 	/usr/lib/system/libkxld.dylib
0x0000000006cbd000 	/usr/lib/libxar.1.dylib
0x0000000006cbd000 	/usr/lib/libsqlite3.dylib
0x0000000006cbd000 	/usr/lib/libpam.2.dylib
0x0000000006cbd000 	/usr/lib/libOpenScriptingUtil.dylib
0x0000000006cbd000 	/usr/lib/libbz2.1.0.dylib
0x0000000006cbd000 	/usr/lib/liblzma.5.dylib
0x0000000006cbd000 	/System/Library/Frameworks/CoreServices.framework/Versions/A/Frameworks/FSEvents.framework/Versions/A/FSEvents
0x0000000006cbd000 	/System/Library/Frameworks/CoreServices.framework/Versions/A/Frameworks/CarbonCore.framework/Versions/A/CarbonCore
0x0000000006cbd000 	/System/Library/Frameworks/CoreServices.framework/Versions/A/Frameworks/Metadata.framework/Versions/A/Metadata
0x0000000006cbd000 	/System/Library/Frameworks/CoreServices.framework/Versions/A/Frameworks/OSServices.framework/Versions/A/OSServices
0x0000000006cbd000 	/System/Library/Frameworks/CoreServices.framework/Versions/A/Frameworks/SearchKit.framework/Versions/A/SearchKit
0x0000000006cbd000 	/System/Library/Frameworks/CoreServices.framework/Versions/A/Frameworks/AE.framework/Versions/A/AE
0x0000000006cbd000 	/System/Library/Frameworks/CoreServices.framework/Versions/A/Frameworks/LaunchServices.framework/Versions/A/LaunchServices
0x0000000006cbd000 	/System/Library/Frameworks/CoreServices.framework/Versions/A/Frameworks/DictionaryServices.framework/Versions/A/DictionaryServices
0x0000000006cbd000 	/System/Library/Frameworks/CoreServices.framework/Versions/A/Frameworks/SharedFileList.framework/Versions/A/SharedFileList
0x0000000006cbd000 	/System/Library/Frameworks/NetFS.framework/Versions/A/NetFS
0x0000000006cbd000 	/System/Library/PrivateFrameworks/NetAuth.framework/Versions/A/NetAuth
0x0000000006cbd000 	/System/Library/PrivateFrameworks/login.framework/Versions/A/Frameworks/loginsupport.framework/Versions/A/loginsupport
0x0000000006cbd000 	/System/Library/PrivateFrameworks/TCC.framework/Versions/A/TCC
0x0000000006cbd000 	/usr/lib/libmecabra.dylib
0x0000000006cbd000 	/System/Library/Frameworks/ApplicationServices.framework/Versions/A/Frameworks/ATS.framework/Versions/A/ATS
0x0000000006cbd000 	/System/Library/Frameworks/ApplicationServices.framework/Versions/A/Frameworks/ColorSync.framework/Versions/A/ColorSync
0x0000000006cbd000 	/System/Library/Frameworks/ApplicationServices.framework/Versions/A/Frameworks/HIServices.framework/Versions/A/HIServices
0x0000000006cbd000 	/System/Library/Frameworks/ApplicationServices.framework/Versions/A/Frameworks/LangAnalysis.framework/Versions/A/LangAnalysis
0x0000000006cbd000 	/System/Library/Frameworks/ApplicationServices.framework/Versions/A/Frameworks/PrintCore.framework/Versions/A/PrintCore
0x0000000006cbd000 	/System/Library/Frameworks/ApplicationServices.framework/Versions/A/Frameworks/QD.framework/Versions/A/QD
0x0000000006cbd000 	/System/Library/Frameworks/ApplicationServices.framework/Versions/A/Frameworks/SpeechSynthesis.framework/Versions/A/SpeechSynthesis
0x0000000006cbd000 	/System/Library/Frameworks/Metal.framework/Versions/A/Metal
0x0000000006cbd000 	/System/Library/Frameworks/Accelerate.framework/Versions/A/Frameworks/vImage.framework/Versions/A/vImage
0x0000000006cbd000 	/System/Library/Frameworks/Accelerate.framework/Versions/A/Frameworks/vecLib.framework/Versions/A/vecLib
0x0000000006cbd000 	/System/Library/Frameworks/Accelerate.framework/Versions/A/Frameworks/vecLib.framework/Versions/A/libvDSP.dylib
0x0000000006cbd000 	/System/Library/Frameworks/Accelerate.framework/Versions/A/Frameworks/vecLib.framework/Versions/A/libvMisc.dylib
0x0000000006cbd000 	/System/Library/Frameworks/Accelerate.framework/Versions/A/Frameworks/vecLib.framework/Versions/A/libLAPACK.dylib
0x0000000006cbd000 	/System/Library/Frameworks/Accelerate.framework/Versions/A/Frameworks/vecLib.framework/Versions/A/libBLAS.dylib
0x0000000006cbd000 	/System/Library/Frameworks/Accelerate.framework/Versions/A/Frameworks/vecLib.framework/Versions/A/libLinearAlgebra.dylib
0x0000000006cbd000 	/System/Library/Frameworks/Accelerate.framework/Versions/A/Frameworks/vecLib.framework/Versions/A/libSparseBLAS.dylib
0x0000000006cbd000 	/System/Library/PrivateFrameworks/GPUCompiler.framework/libmetal_timestamp.dylib
0x0000000006cbd000 	/System/Library/Frameworks/OpenGL.framework/Versions/A/Libraries/libCoreFSCache.dylib
0x0000000006cbd000 	/System/Library/PrivateFrameworks/IOAccelerator.framework/Versions/A/IOAccelerator
0x0000000006cbd000 	/System/Library/Frameworks/ApplicationServices.framework/Versions/A/Frameworks/ATS.framework/Versions/A/Resources/libFontParser.dylib
0x0000000006cbd000 	/System/Library/Frameworks/ApplicationServices.framework/Versions/A/Frameworks/ATS.framework/Versions/A/Resources/libFontRegistry.dylib
0x0000000006cbd000 	/System/Library/PrivateFrameworks/AppleVPA.framework/Versions/A/AppleVPA
0x0000000006cbd000 	/System/Library/PrivateFrameworks/AppleJPEG.framework/Versions/A/AppleJPEG
0x0000000006cbd000 	/System/Library/Frameworks/ImageIO.framework/Versions/A/Resources/libJPEG.dylib
0x0000000006cbd000 	/System/Library/Frameworks/ImageIO.framework/Versions/A/Resources/libTIFF.dylib
0x0000000006cbd000 	/System/Library/Frameworks/ImageIO.framework/Versions/A/Resources/libPng.dylib
0x0000000006cbd000 	/System/Library/Frameworks/ImageIO.framework/Versions/A/Resources/libGIF.dylib
0x0000000006cbd000 	/System/Library/Frameworks/ImageIO.framework/Versions/A/Resources/libJP2.dylib
0x0000000006cbd000 	/System/Library/Frameworks/ImageIO.framework/Versions/A/Resources/libRadiance.dylib
0x0000000006cbd000 	/System/Library/Frameworks/CoreVideo.framework/Versions/A/CoreVideo
0x0000000006cbd000 	/System/Library/Frameworks/OpenGL.framework/Versions/A/Libraries/libGLU.dylib
0x0000000006cbd000 	/System/Library/Frameworks/OpenGL.framework/Versions/A/Libraries/libGFXShared.dylib
0x0000000006cbd000 	/System/Library/Frameworks/OpenGL.framework/Versions/A/Libraries/libGL.dylib
0x0000000006cbd000 	/System/Library/Frameworks/OpenGL.framework/Versions/A/Libraries/libGLImage.dylib
0x0000000006cbd000 	/System/Library/Frameworks/OpenGL.framework/Versions/A/Libraries/libCVMSPluginSupport.dylib
0x0000000006cbd000 	/System/Library/Frameworks/OpenGL.framework/Versions/A/Libraries/libCoreVMClient.dylib
0x0000000006cbd000 	/usr/lib/libcups.2.dylib
0x0000000006cbd000 	/System/Library/Frameworks/Kerberos.framework/Versions/A/Kerberos
0x0000000006cbd000 	/System/Library/Frameworks/GSS.framework/Versions/A/GSS
0x0000000006cbd000 	/usr/lib/libresolv.9.dylib
0x0000000006cbd000 	/usr/lib/libiconv.2.dylib
0x0000000006cbd000 	/System/Library/PrivateFrameworks/Heimdal.framework/Versions/A/Heimdal
0x0000000006cbd000 	/usr/lib/libheimdal-asn1.dylib
0x0000000006cbd000 	/System/Library/Frameworks/OpenDirectory.framework/Versions/A/OpenDirectory
0x0000000006cbd000 	/System/Library/PrivateFrameworks/CommonAuth.framework/Versions/A/CommonAuth
0x0000000006cbd000 	/System/Library/Frameworks/OpenDirectory.framework/Versions/A/Frameworks/CFOpenDirectory.framework/Versions/A/CFOpenDirectory
0x0000000006cbd000 	/System/Library/Frameworks/SecurityFoundation.framework/Versions/A/SecurityFoundation
0x0000000006cbd000 	/System/Library/PrivateFrameworks/LanguageModeling.framework/Versions/A/LanguageModeling
0x0000000006cbd000 	/usr/lib/libmarisa.dylib
0x0000000006cbd000 	/usr/lib/libChineseTokenizer.dylib
0x0000000006cbd000 	/usr/lib/libcmph.dylib
0x0000000006cbd000 	/usr/lib/libcompression.dylib
0x0000000006cbd000 	/System/Library/Frameworks/ServiceManagement.framework/Versions/A/ServiceManagement
0x0000000006cbd000 	/usr/lib/libxslt.1.dylib
0x0000000006cbd000 	/System/Library/Frameworks/Carbon.framework/Versions/A/Frameworks/Ink.framework/Versions/A/Ink
0x0000000006cbd000 	/usr/lib/libFosl_dynamic.dylib
0x0000000006cbd000 	/System/Library/PrivateFrameworks/FaceCore.framework/Versions/A/FaceCore
0x0000000006cbd000 	/System/Library/Frameworks/OpenCL.framework/Versions/A/OpenCL
0x0000000006cbd000 	/System/Library/PrivateFrameworks/CrashReporterSupport.framework/Versions/A/CrashReporterSupport
0x0000000006cbd000 	/System/Library/PrivateFrameworks/IconServices.framework/Versions/A/IconServices
0x0000000006cbd000 	/System/Library/PrivateFrameworks/Apple80211.framework/Versions/A/Apple80211
0x0000000006cbd000 	/System/Library/Frameworks/CoreWLAN.framework/Versions/A/CoreWLAN
0x0000000006cbd000 	/System/Library/Frameworks/IOBluetooth.framework/Versions/A/IOBluetooth
0x0000000006cbd000 	/System/Library/PrivateFrameworks/CoreWiFi.framework/Versions/A/CoreWiFi
0x0000000006cbd000 	/System/Library/Frameworks/CoreBluetooth.framework/Versions/A/CoreBluetooth
0x0000000006cbd000 	/System/Library/PrivateFrameworks/ChunkingLibrary.framework/Versions/A/ChunkingLibrary
0x0000000006cbd000 	/System/Library/PrivateFrameworks/DebugSymbols.framework/Versions/A/DebugSymbols
0x0000000006cbd000 	/System/Library/PrivateFrameworks/CoreSymbolication.framework/Versions/A/CoreSymbolication
0x0000000006cbd000 	/System/Library/PrivateFrameworks/Symbolication.framework/Versions/A/Symbolication
0x0000000006cbd000 	/System/Library/PrivateFrameworks/SpeechRecognitionCore.framework/Versions/A/SpeechRecognitionCore
0x000000010bc00000 	/Library/Java/JavaVirtualMachines/jdk1.8.0_25.jdk/Contents/Home/jre/lib/server/libjvm.dylib
0x000000010b271000 	/usr/lib/libstdc++.6.dylib
0x000000010b328000 	/Library/Java/JavaVirtualMachines/jdk1.8.0_25.jdk/Contents/Home/jre/lib/libverify.dylib
0x000000010b336000 	/Library/Java/JavaVirtualMachines/jdk1.8.0_25.jdk/Contents/Home/jre/lib/libjava.dylib
0x000000010b36b000 	/Library/Java/JavaVirtualMachines/jdk1.8.0_25.jdk/Contents/Home/jre/lib/libjdwp.dylib
0x000000010b3b6000 	/Library/Java/JavaVirtualMachines/jdk1.8.0_25.jdk/Contents/Home/jre/lib/libnpt.dylib
0x000000010b3c3000 	/Library/Java/JavaVirtualMachines/jdk1.8.0_25.jdk/Contents/Home/jre/lib/libzip.dylib
0x0000000122453000 	/System/Library/Frameworks/JavaVM.framework/Frameworks/JavaRuntimeSupport.framework/JavaRuntimeSupport
0x000000012246e000 	/System/Library/Frameworks/JavaVM.framework/Versions/A/Frameworks/JavaNativeFoundation.framework/Versions/A/JavaNativeFoundation
0x0000000122483000 	/System/Library/Frameworks/JavaVM.framework/Versions/A/JavaVM
0x0000000006cbd000 	/System/Library/Frameworks/Carbon.framework/Versions/A/Carbon
0x0000000122490000 	/System/Library/PrivateFrameworks/JavaLaunching.framework/Versions/A/JavaLaunching
0x0000000006cbd000 	/System/Library/Frameworks/Carbon.framework/Versions/A/Frameworks/CommonPanels.framework/Versions/A/CommonPanels
0x0000000006cbd000 	/System/Library/Frameworks/Carbon.framework/Versions/A/Frameworks/Help.framework/Versions/A/Help
0x0000000006cbd000 	/System/Library/Frameworks/Carbon.framework/Versions/A/Frameworks/ImageCapture.framework/Versions/A/ImageCapture
0x0000000006cbd000 	/System/Library/Frameworks/Carbon.framework/Versions/A/Frameworks/OpenScripting.framework/Versions/A/OpenScripting
0x0000000006cbd000 	/System/Library/Frameworks/Carbon.framework/Versions/A/Frameworks/Print.framework/Versions/A/Print
0x0000000006cbd000 	/System/Library/Frameworks/Carbon.framework/Versions/A/Frameworks/SecurityHI.framework/Versions/A/SecurityHI
0x000000010b3f9000 	/Library/Java/JavaVirtualMachines/jdk1.8.0_25.jdk/Contents/Home/jre/lib/libdt_socket.dylib

VM Arguments:
jvm_args: -agentlib:jdwp=transport=dt_socket,suspend=y,address=localhost:63918 -Dfile.encoding=UTF-8 
java_command: travelingSalespersonProblem.Solve
java_class_path (initial): /Users/babylu/Documents/workspace/AlgorithmDesignProject3/bin
Launcher Type: SUN_STANDARD

Environment Variables:
PATH=/usr/bin:/bin:/usr/sbin:/sbin
SHELL=/bin/bash

Signal Handlers:
SIGSEGV: [libjvm.dylib+0x579dc7], sa_mask[0]=11111111011111110111111111111111, sa_flags=SA_ONSTACK|SA_RESTART|SA_SIGINFO
SIGBUS: [libjvm.dylib+0x579dc7], sa_mask[0]=11111111011111110111111111111111, sa_flags=SA_RESTART|SA_SIGINFO
SIGFPE: [libjvm.dylib+0x45b030], sa_mask[0]=11111111011111110111111111111111, sa_flags=SA_RESTART|SA_SIGINFO
SIGPIPE: [libjvm.dylib+0x45b030], sa_mask[0]=11111111011111110111111111111111, sa_flags=SA_RESTART|SA_SIGINFO
SIGXFSZ: [libjvm.dylib+0x45b030], sa_mask[0]=11111111011111110111111111111111, sa_flags=SA_RESTART|SA_SIGINFO
SIGILL: [libjvm.dylib+0x45b030], sa_mask[0]=11111111011111110111111111111111, sa_flags=SA_RESTART|SA_SIGINFO
SIGUSR1: SIG_DFL, sa_mask[0]=00000000000000000000000000000000, sa_flags=none
SIGUSR2: [libjvm.dylib+0x45ab4e], sa_mask[0]=00100000000000000000000000000000, sa_flags=SA_RESTART|SA_SIGINFO
SIGHUP: [libjvm.dylib+0x459121], sa_mask[0]=11111111011111110111111111111111, sa_flags=SA_RESTART|SA_SIGINFO
SIGINT: [libjvm.dylib+0x459121], sa_mask[0]=11111111011111110111111111111111, sa_flags=SA_RESTART|SA_SIGINFO
SIGTERM: [libjvm.dylib+0x459121], sa_mask[0]=11111111011111110111111111111111, sa_flags=SA_RESTART|SA_SIGINFO
SIGQUIT: [libjvm.dylib+0x459121], sa_mask[0]=11111111011111110111111111111111, sa_flags=SA_RESTART|SA_SIGINFO


---------------  S Y S T E M  ---------------

OS:Bsduname:Darwin 15.0.0 Darwin Kernel Version 15.0.0: Sat Sep 19 15:53:46 PDT 2015; root:xnu-3247.10.11~1/RELEASE_X86_64 x86_64
rlimit: STACK 8192k, CORE 0k, NPROC 709, NOFILE 10240, AS infinity
load average:1.86 2.11 2.14

CPU:total 4 (2 cores per cpu, 2 threads per core) family 6 model 69 stepping 1, cmov, cx8, fxsr, mmx, sse, sse2, sse3, ssse3, sse4.1, sse4.2, popcnt, avx, avx2, aes, clmul, erms, lzcnt, ht, tsc, tscinvbit, bmi1, bmi2

Memory: 4k page, physical 8388608k(1657796k free)

/proc/meminfo:


vm_info: Java HotSpot(TM) 64-Bit Server VM (25.25-b02) for bsd-amd64 JRE (1.8.0_25-b17), built on Sep 17 2014 16:56:50 by "java_re" with gcc 4.2.1 (Based on Apple Inc. build 5658) (LLVM build 2336.11.00)

time: Wed Nov  4 20:05:29 2015
elapsed time: 39368 seconds (0d 10h 56m 8s)

